c:\users\remixt\desktop\group repo\src\icerunner\release\maprenderer.obj
c:\users\remixt\desktop\group repo\src\icerunner\release\mainmenustate.obj
c:\users\remixt\desktop\group repo\src\icerunner\release\mainmenuresourcemanager.obj
c:\users\remixt\desktop\group repo\src\icerunner\release\main.obj
c:\users\remixt\desktop\group repo\src\icerunner\release\luainterface.obj
c:\users\remixt\desktop\group repo\src\icerunner\release\hidmanager.obj
c:\users\remixt\desktop\group repo\src\icerunner\release\gamemanager.obj
c:\users\remixt\desktop\group repo\src\icerunner\release\eventmanager.obj
c:\users\remixt\desktop\group repo\src\icerunner\release\effect.obj
c:\users\remixt\desktop\group repo\src\icerunner\release\dx11texture.obj
c:\users\remixt\desktop\group repo\src\icerunner\release\dx11shader.obj
c:\users\remixt\desktop\group repo\src\icerunner\release\dx11resourceloader.obj
c:\users\remixt\desktop\group repo\src\icerunner\release\dx11renderer.obj
c:\users\remixt\desktop\group repo\src\icerunner\release\dx11geometry.obj
c:\users\remixt\desktop\group repo\src\icerunner\release\dx11constantbuffer.obj
c:\users\remixt\desktop\group repo\src\icerunner\release\dj.obj
c:\users\remixt\desktop\group repo\src\icerunner\release\displaymanager.obj
c:\users\remixt\desktop\group repo\src\icerunner\release\deckloader.obj
c:\users\remixt\desktop\group repo\src\icerunner\release\deckchoosingsubstate.obj
c:\users\remixt\desktop\group repo\src\icerunner\release\background.obj
c:\users\remixt\desktop\group repo\src\icerunner\release\soundmanager.obj
c:\users\remixt\desktop\group repo\src\icerunner\release\scene.obj
c:\users\remixt\desktop\group repo\src\icerunner\release\resultssubstate.obj
c:\users\remixt\desktop\group repo\src\icerunner\release\resourcemanager.obj
c:\users\remixt\desktop\group repo\src\icerunner\release\resourceloader.obj
c:\users\remixt\desktop\group repo\src\icerunner\release\racingsubstate.obj
c:\users\remixt\desktop\group repo\src\icerunner\release\racingstate.obj
c:\users\remixt\desktop\group repo\src\icerunner\release\racingresourcemanager.obj
c:\users\remixt\desktop\group repo\src\icerunner\release\music.obj
c:\users\remixt\desktop\group repo\src\icerunner\release\menu.obj
c:\users\remixt\desktop\group repo\src\icerunner\release\maptestingstate.obj
c:\users\remixt\desktop\group repo\src\icerunner\release\maptestingresourcemanager.obj
c:\users\remixt\desktop\group repo\src\icerunner\release\icerunner.exe
c:\users\remixt\desktop\group repo\src\icerunner\release\icerunner.tlog\cl.command.1.tlog
c:\users\remixt\desktop\group repo\src\icerunner\release\icerunner.tlog\cl.read.1.tlog
c:\users\remixt\desktop\group repo\src\icerunner\release\icerunner.tlog\cl.write.1.tlog
c:\users\remixt\desktop\group repo\src\icerunner\release\icerunner.tlog\link.command.1.tlog
c:\users\remixt\desktop\group repo\src\icerunner\release\icerunner.tlog\link.read.1.tlog
c:\users\remixt\desktop\group repo\src\icerunner\release\icerunner.tlog\link.write.1.tlog
