  dx11texture.cpp
rendering\dx11texture.cpp(1): fatal error C1083: Cannot open include file: 'SDL2/SDL.h': No such file or directory
  dx11resourceloader.cpp
rendering\dx11resourceloader.cpp(1): fatal error C1083: Cannot open include file: 'SDL2/SDL_image.h': No such file or directory
  dx11renderer.cpp
rendering\dx11renderer.cpp(5): fatal error C1083: Cannot open include file: 'SDL2/SDL.h': No such file or directory
  displaymanager.cpp
rendering\displaymanager.cpp(1): fatal error C1083: Cannot open include file: 'SDL2/SDL.h': No such file or directory
  main.cpp
main.cpp(14): fatal error C1083: Cannot open include file: 'lua.hpp': No such file or directory
  menustate.cpp
c:\users\remixt\desktop\old ice runner\icerunner\icerunner\game\gamestate.hpp(3): fatal error C1083: Cannot open include file: 'rendering/dx11structs.h': No such file or directory
  gamemanager.cpp
game\gamemanager.cpp(1): fatal error C1083: Cannot open include file: 'events/eventmanager.h': No such file or directory
  deckloader.cpp
game\deckloader.cpp(1): fatal error C1083: Cannot open include file: 'lua.hpp': No such file or directory
  deckchoosingstate.cpp
game\deckchoosingstate.cpp(2): fatal error C1083: Cannot open include file: 'rendering/displaymanager.h': No such file or directory
  eventmanager.cpp
events\eventmanager.cpp(2): fatal error C1083: Cannot open include file: 'SDL2/SDL.h': No such file or directory
  Generating Code...
