  dx11texture.cpp
  dx11shader.cpp
  dx11resourceloader.cpp
  dx11renderer.cpp
  dx11geometry.cpp
  dx11constantbuffer.cpp
  displaymanager.cpp
  main.cpp
  resourcemanager.cpp
c:\users\remixt\desktop\old ice runner\icerunner\icerunner\game\resourcemanager.cpp(95): warning C4477: 'printf' : format string '%s' requires an argument of type 'char *', but variadic argument 1 has type 'void *'
c:\users\remixt\desktop\old ice runner\icerunner\icerunner\game\resourcemanager.cpp(118): warning C4533: initialization of 'backgroundBuffer' is skipped by 'goto failure'
  c:\users\remixt\desktop\old ice runner\icerunner\icerunner\game\resourcemanager.cpp(106): note: see declaration of 'backgroundBuffer'
  c:\users\remixt\desktop\old ice runner\icerunner\icerunner\game\resourcemanager.cpp(118): note: see declaration of 'failure'
  menustate.cpp
  menu.cpp
c:\users\remixt\desktop\old ice runner\icerunner\icerunner\game\menu.cpp(118): warning C4477: 'printf' : format string '%u' requires an argument of type 'unsigned int', but variadic argument 1 has type 'std::size_t'
  c:\users\remixt\desktop\old ice runner\icerunner\icerunner\game\menu.cpp(118): note: consider using '%zu' in the format string
c:\users\remixt\desktop\old ice runner\icerunner\icerunner\game\menu.cpp(118): warning C4477: 'printf' : format string '%s' requires an argument of type 'char *', but variadic argument 2 has type 'void *'
  maptestingstate.cpp
c:\users\remixt\desktop\old ice runner\icerunner\icerunner\game\maptestingstate.cpp(461): warning C4477: 'printf' : format string '%u' requires an argument of type 'unsigned int', but variadic argument 1 has type 'std::size_t'
  c:\users\remixt\desktop\old ice runner\icerunner\icerunner\game\maptestingstate.cpp(461): note: consider using '%zu' in the format string
c:\users\remixt\desktop\old ice runner\icerunner\icerunner\game\maptestingstate.cpp(461): warning C4477: 'printf' : format string '%s' requires an argument of type 'char *', but variadic argument 2 has type 'void *'
  maptestingresourcemanager.cpp
  gamemanager.cpp
  deckloader.cpp
  eventmanager.cpp
  Generating Code...
  icerunner.vcxproj -> C:\Users\Remixt\Desktop\OLD ICE RUNNER\icerunner\icerunner\x64\Debug\icerunner.exe
  icerunner.vcxproj -> C:\Users\Remixt\Desktop\OLD ICE RUNNER\icerunner\icerunner\x64\Debug\icerunner.pdb (Partial PDB)
