c:\users\remixt\desktop\old ice runner\icerunner\icerunner\x64\debug\vc140.pdb
c:\users\remixt\desktop\old ice runner\icerunner\icerunner\x64\debug\vc140.idb
c:\users\remixt\desktop\old ice runner\icerunner\icerunner\x64\debug\eventmanager.obj
c:\users\remixt\desktop\old ice runner\icerunner\icerunner\x64\debug\deckchoosingstate.obj
c:\users\remixt\desktop\old ice runner\icerunner\icerunner\x64\debug\deckloader.obj
c:\users\remixt\desktop\old ice runner\icerunner\icerunner\x64\debug\gamemanager.obj
c:\users\remixt\desktop\old ice runner\icerunner\icerunner\x64\debug\menustate.obj
c:\users\remixt\desktop\old ice runner\icerunner\icerunner\x64\debug\main.obj
c:\users\remixt\desktop\old ice runner\icerunner\icerunner\x64\debug\displaymanager.obj
c:\users\remixt\desktop\old ice runner\icerunner\icerunner\x64\debug\dx11constantbuffer.obj
c:\users\remixt\desktop\old ice runner\icerunner\icerunner\x64\debug\dx11geometry.obj
c:\users\remixt\desktop\old ice runner\icerunner\icerunner\x64\debug\dx11renderer.obj
c:\users\remixt\desktop\old ice runner\icerunner\icerunner\x64\debug\dx11resourceloader.obj
c:\users\remixt\desktop\old ice runner\icerunner\icerunner\x64\debug\dx11shader.obj
c:\users\remixt\desktop\old ice runner\icerunner\icerunner\x64\debug\dx11texture.obj
c:\users\remixt\desktop\old ice runner\icerunner\icerunner\x64\debug\maptestingresourcemanager.obj
c:\users\remixt\desktop\old ice runner\icerunner\icerunner\x64\debug\maptestingstate.obj
c:\users\remixt\desktop\old ice runner\icerunner\icerunner\x64\debug\menu.obj
c:\users\remixt\desktop\old ice runner\icerunner\icerunner\x64\debug\resourcemanager.obj
c:\users\remixt\desktop\old ice runner\icerunner\icerunner\x64\debug\icerunner.ilk
c:\users\remixt\desktop\old ice runner\icerunner\icerunner\x64\debug\icerunner.exe
c:\users\remixt\desktop\old ice runner\icerunner\icerunner\x64\debug\icerunner.pdb
c:\users\remixt\desktop\old ice runner\icerunner\icerunner\x64\debug\icerunner.tlog\cl.command.1.tlog
c:\users\remixt\desktop\old ice runner\icerunner\icerunner\x64\debug\icerunner.tlog\cl.read.1.tlog
c:\users\remixt\desktop\old ice runner\icerunner\icerunner\x64\debug\icerunner.tlog\cl.write.1.tlog
c:\users\remixt\desktop\old ice runner\icerunner\icerunner\x64\debug\icerunner.tlog\link.8832.read.1.tlog
c:\users\remixt\desktop\old ice runner\icerunner\icerunner\x64\debug\icerunner.tlog\link.8832.write.1.tlog
c:\users\remixt\desktop\old ice runner\icerunner\icerunner\x64\debug\icerunner.tlog\link.command.1.tlog
c:\users\remixt\desktop\old ice runner\icerunner\icerunner\x64\debug\icerunner.tlog\link.read.1.tlog
c:\users\remixt\desktop\old ice runner\icerunner\icerunner\x64\debug\icerunner.tlog\link.write.1.tlog
